2025-12-04T12:52:57.002+05:30  INFO 4606 --- [restartedMain] com.server.ServerApplication             : Starting ServerApplication using Java 21.0.9 with PID 4606 (/home/santosh/SANTOSH/E-Consultancy-for-Farmers/server/target/classes started by santosh in /home/santosh/SANTOSH/E-Consultancy-for-Farmers/server)
2025-12-04T12:52:57.003+05:30  INFO 4606 --- [restartedMain] com.server.ServerApplication             : No active profile set, falling back to 1 default profile: "default"
2025-12-04T12:52:57.149+05:30  INFO 4606 --- [restartedMain] .s.d.r.c.RepositoryConfigurationDelegate : Bootstrapping Spring Data JPA repositories in DEFAULT mode.
2025-12-04T12:52:57.170+05:30  INFO 4606 --- [restartedMain] .s.d.r.c.RepositoryConfigurationDelegate : Finished Spring Data repository scanning in 19 ms. Found 10 JPA repository interfaces.
2025-12-04T12:52:57.289+05:30  INFO 4606 --- [restartedMain] o.s.b.w.embedded.tomcat.TomcatWebServer  : Tomcat initialized with port 8080 (http)
2025-12-04T12:52:57.290+05:30  INFO 4606 --- [restartedMain] o.apache.catalina.core.StandardService   : Starting service [Tomcat]
2025-12-04T12:52:57.290+05:30  INFO 4606 --- [restartedMain] o.apache.catalina.core.StandardEngine    : Starting Servlet engine: [Apache Tomcat/10.1.48]
2025-12-04T12:52:57.295+05:30  INFO 4606 --- [restartedMain] o.a.c.c.C.[Tomcat].[localhost].[/]       : Initializing Spring embedded WebApplicationContext
2025-12-04T12:52:57.296+05:30  INFO 4606 --- [restartedMain] w.s.c.ServletWebServerApplicationContext : Root WebApplicationContext: initialization completed in 291 ms
2025-12-04T12:52:57.335+05:30  INFO 4606 --- [restartedMain] o.hibernate.jpa.internal.util.LogHelper  : HHH000204: Processing PersistenceUnitInfo [name: default]
2025-12-04T12:52:57.337+05:30  INFO 4606 --- [restartedMain] o.h.c.internal.RegionFactoryInitiator    : HHH000026: Second-level cache disabled
2025-12-04T12:52:57.351+05:30  INFO 4606 --- [restartedMain] o.s.o.j.p.SpringPersistenceUnitInfo      : No LoadTimeWeaver setup: ignoring JPA class transformer
2025-12-04T12:52:57.352+05:30  INFO 4606 --- [restartedMain] com.zaxxer.hikari.HikariDataSource       : HikariPool-2 - Starting...
2025-12-04T12:52:57.382+05:30  INFO 4606 --- [restartedMain] com.zaxxer.hikari.pool.HikariPool        : HikariPool-2 - Added connection com.mysql.cj.jdbc.ConnectionImpl@18a2275
2025-12-04T12:52:57.383+05:30  INFO 4606 --- [restartedMain] com.zaxxer.hikari.HikariDataSource       : HikariPool-2 - Start completed.
2025-12-04T12:52:57.385+05:30  WARN 4606 --- [restartedMain] org.hibernate.orm.deprecation            : HHH90000025: MySQL8Dialect does not need to be specified explicitly using 'hibernate.dialect' (remove the property setting and it will be selected by default)
2025-12-04T12:52:57.386+05:30  WARN 4606 --- [restartedMain] org.hibernate.orm.deprecation            : HHH90000026: MySQL8Dialect has been deprecated; use org.hibernate.dialect.MySQLDialect instead
2025-12-04T12:52:57.387+05:30  INFO 4606 --- [restartedMain] org.hibernate.orm.connections.pooling    : HHH10001005: Database info:
	Database JDBC URL [Connecting through datasource 'HikariDataSource (HikariPool-2)']
	Database driver: undefined/unknown
	Database version: 8.0
	Autocommit mode: undefined/unknown
	Isolation level: undefined/unknown
	Minimum pool size: undefined/unknown
	Maximum pool size: undefined/unknown
2025-12-04T12:52:57.632+05:30  INFO 4606 --- [restartedMain] o.h.e.t.j.p.i.JtaPlatformInitiator       : HHH000489: No JTA platform available (set 'hibernate.transaction.jta.platform' to enable JTA platform integration)
2025-12-04T12:52:57.727+05:30  INFO 4606 --- [restartedMain] j.LocalContainerEntityManagerFactoryBean : Initialized JPA EntityManagerFactory for persistence unit 'default'
2025-12-04T12:52:57.948+05:30  INFO 4606 --- [restartedMain] r$InitializeUserDetailsManagerConfigurer : Global AuthenticationManager configured with UserDetailsService bean with name customeUserService
2025-12-04T12:52:58.017+05:30  WARN 4606 --- [restartedMain] JpaBaseConfiguration$JpaWebConfiguration : spring.jpa.open-in-view is enabled by default. Therefore, database queries may be performed during view rendering. Explicitly configure spring.jpa.open-in-view to disable this warning
2025-12-04T12:52:58.209+05:30  INFO 4606 --- [restartedMain] o.s.b.d.a.OptionalLiveReloadServer       : LiveReload server is running on port 35729
2025-12-04T12:52:58.229+05:30  INFO 4606 --- [restartedMain] o.s.b.w.embedded.tomcat.TomcatWebServer  : Tomcat started on port 8080 (http) with context path '/'
2025-12-04T12:52:58.234+05:30  INFO 4606 --- [restartedMain] com.server.ServerApplication             : Started ServerApplication in 1.26 seconds (process running for 288.362)
2025-12-04T12:52:58.237+05:30  INFO 4606 --- [restartedMain] .ConditionEvaluationDeltaLoggingListener : Condition evaluation unchanged
2025-12-04T12:53:10.691+05:30  INFO 4606 --- [SpringApplicationShutdownHook] o.s.b.w.e.tomcat.GracefulShutdown        : Commencing graceful shutdown. Waiting for active requests to complete
2025-12-04T12:53:11.194+05:30  INFO 4606 --- [tomcat-shutdown] o.s.b.w.e.tomcat.GracefulShutdown        : Graceful shutdown complete
2025-12-04T12:53:11.197+05:30  INFO 4606 --- [SpringApplicationShutdownHook] j.LocalContainerEntityManagerFactoryBean : Closing JPA EntityManagerFactory for persistence unit 'default'
2025-12-04T12:53:11.198+05:30  INFO 4606 --- [SpringApplicationShutdownHook] com.zaxxer.hikari.HikariDataSource       : HikariPool-2 - Shutdown initiated...
2025-12-04T12:53:11.201+05:30  INFO 4606 --- [SpringApplicationShutdownHook] com.zaxxer.hikari.HikariDataSource       : HikariPool-2 - Shutdown completed.
2025-12-04T12:53:29.357+05:30  INFO 5161 --- [restartedMain] com.server.ServerApplication             : Starting ServerApplication using Java 21.0.9 with PID 5161 (/home/santosh/SANTOSH/E-Consultancy-for-Farmers/server/target/classes started by santosh in /home/santosh/SANTOSH/E-Consultancy-for-Farmers/server)
2025-12-04T12:53:29.359+05:30  INFO 5161 --- [restartedMain] com.server.ServerApplication             : No active profile set, falling back to 1 default profile: "default"
2025-12-04T12:53:29.393+05:30  INFO 5161 --- [restartedMain] .e.DevToolsPropertyDefaultsPostProcessor : Devtools property defaults active! Set 'spring.devtools.add-properties' to 'false' to disable
2025-12-04T12:53:29.393+05:30  INFO 5161 --- [restartedMain] .e.DevToolsPropertyDefaultsPostProcessor : For additional web related logging consider setting the 'logging.level.web' property to 'DEBUG'
2025-12-04T12:53:29.893+05:30  INFO 5161 --- [restartedMain] .s.d.r.c.RepositoryConfigurationDelegate : Bootstrapping Spring Data JPA repositories in DEFAULT mode.
2025-12-04T12:53:29.952+05:30  INFO 5161 --- [restartedMain] .s.d.r.c.RepositoryConfigurationDelegate : Finished Spring Data repository scanning in 53 ms. Found 10 JPA repository interfaces.
2025-12-04T12:53:30.451+05:30  INFO 5161 --- [restartedMain] o.s.b.w.embedded.tomcat.TomcatWebServer  : Tomcat initialized with port 8080 (http)
2025-12-04T12:53:30.461+05:30  INFO 5161 --- [restartedMain] o.apache.catalina.core.StandardService   : Starting service [Tomcat]
2025-12-04T12:53:30.461+05:30  INFO 5161 --- [restartedMain] o.apache.catalina.core.StandardEngine    : Starting Servlet engine: [Apache Tomcat/10.1.48]
2025-12-04T12:53:30.483+05:30  INFO 5161 --- [restartedMain] o.a.c.c.C.[Tomcat].[localhost].[/]       : Initializing Spring embedded WebApplicationContext
2025-12-04T12:53:30.484+05:30  INFO 5161 --- [restartedMain] w.s.c.ServletWebServerApplicationContext : Root WebApplicationContext: initialization completed in 1090 ms
2025-12-04T12:53:30.587+05:30  INFO 5161 --- [restartedMain] o.hibernate.jpa.internal.util.LogHelper  : HHH000204: Processing PersistenceUnitInfo [name: default]
2025-12-04T12:53:30.624+05:30  INFO 5161 --- [restartedMain] org.hibernate.Version                    : HHH000412: Hibernate ORM core version 6.6.33.Final
2025-12-04T12:53:30.652+05:30  INFO 5161 --- [restartedMain] o.h.c.internal.RegionFactoryInitiator    : HHH000026: Second-level cache disabled
2025-12-04T12:53:30.814+05:30  INFO 5161 --- [restartedMain] o.s.o.j.p.SpringPersistenceUnitInfo      : No LoadTimeWeaver setup: ignoring JPA class transformer
2025-12-04T12:53:30.833+05:30  INFO 5161 --- [restartedMain] com.zaxxer.hikari.HikariDataSource       : HikariPool-1 - Starting...
2025-12-04T12:53:31.074+05:30  INFO 5161 --- [restartedMain] com.zaxxer.hikari.pool.HikariPool        : HikariPool-1 - Added connection com.mysql.cj.jdbc.ConnectionImpl@4db6613e
2025-12-04T12:53:31.075+05:30  INFO 5161 --- [restartedMain] com.zaxxer.hikari.HikariDataSource       : HikariPool-1 - Start completed.
2025-12-04T12:53:31.104+05:30  WARN 5161 --- [restartedMain] org.hibernate.orm.deprecation            : HHH90000025: MySQL8Dialect does not need to be specified explicitly using 'hibernate.dialect' (remove the property setting and it will be selected by default)
2025-12-04T12:53:31.105+05:30  WARN 5161 --- [restartedMain] org.hibernate.orm.deprecation            : HHH90000026: MySQL8Dialect has been deprecated; use org.hibernate.dialect.MySQLDialect instead
2025-12-04T12:53:31.117+05:30  INFO 5161 --- [restartedMain] org.hibernate.orm.connections.pooling    : HHH10001005: Database info:
	Database JDBC URL [Connecting through datasource 'HikariDataSource (HikariPool-1)']
	Database driver: undefined/unknown
	Database version: 8.0
	Autocommit mode: undefined/unknown
	Isolation level: undefined/unknown
	Minimum pool size: undefined/unknown
	Maximum pool size: undefined/unknown
2025-12-04T12:53:31.956+05:30  INFO 5161 --- [restartedMain] o.h.e.t.j.p.i.JtaPlatformInitiator       : HHH000489: No JTA platform available (set 'hibernate.transaction.jta.platform' to enable JTA platform integration)
2025-12-04T12:53:32.072+05:30  INFO 5161 --- [restartedMain] j.LocalContainerEntityManagerFactoryBean : Initialized JPA EntityManagerFactory for persistence unit 'default'
2025-12-04T12:53:32.485+05:30  INFO 5161 --- [restartedMain] r$InitializeUserDetailsManagerConfigurer : Global AuthenticationManager configured with UserDetailsService bean with name customeUserService
2025-12-04T12:53:32.561+05:30  WARN 5161 --- [restartedMain] JpaBaseConfiguration$JpaWebConfiguration : spring.jpa.open-in-view is enabled by default. Therefore, database queries may be performed during view rendering. Explicitly configure spring.jpa.open-in-view to disable this warning
2025-12-04T12:53:32.953+05:30  INFO 5161 --- [restartedMain] o.s.b.d.a.OptionalLiveReloadServer       : LiveReload server is running on port 35729
2025-12-04T12:53:32.976+05:30  INFO 5161 --- [restartedMain] o.s.b.w.embedded.tomcat.TomcatWebServer  : Tomcat started on port 8080 (http) with context path '/'
2025-12-04T12:53:32.983+05:30  INFO 5161 --- [restartedMain] com.server.ServerApplication             : Started ServerApplication in 3.97 seconds (process running for 4.245)
2025-12-04T12:53:57.988+05:30  INFO 5161 --- [SpringApplicationShutdownHook] o.s.b.w.e.tomcat.GracefulShutdown        : Commencing graceful shutdown. Waiting for active requests to complete
2025-12-04T12:53:58.493+05:30  INFO 5161 --- [tomcat-shutdown] o.s.b.w.e.tomcat.GracefulShutdown        : Graceful shutdown complete
2025-12-04T12:53:58.499+05:30  INFO 5161 --- [SpringApplicationShutdownHook] j.LocalContainerEntityManagerFactoryBean : Closing JPA EntityManagerFactory for persistence unit 'default'
2025-12-04T12:53:58.501+05:30  INFO 5161 --- [SpringApplicationShutdownHook] com.zaxxer.hikari.HikariDataSource       : HikariPool-1 - Shutdown initiated...
2025-12-04T12:53:58.515+05:30  INFO 5161 --- [SpringApplicationShutdownHook] com.zaxxer.hikari.HikariDataSource       : HikariPool-1 - Shutdown completed.
2025-12-04T12:54:13.373+05:30  INFO 880 --- [restartedMain] com.server.ServerApplication             : Starting ServerApplication using Java 21.0.8 with PID 880 (/home/santosh/SANTOSH/E-Consultancy-for-Farmers/server/target/classes started by santosh in /home/santosh/SANTOSH/E-Consultancy-for-Farmers/server)
2025-12-04T12:54:13.375+05:30  INFO 880 --- [restartedMain] com.server.ServerApplication             : No active profile set, falling back to 1 default profile: "default"
2025-12-04T12:54:13.425+05:30  INFO 880 --- [restartedMain] .e.DevToolsPropertyDefaultsPostProcessor : Devtools property defaults active! Set 'spring.devtools.add-properties' to 'false' to disable
2025-12-04T12:54:13.425+05:30  INFO 880 --- [restartedMain] .e.DevToolsPropertyDefaultsPostProcessor : For additional web related logging consider setting the 'logging.level.web' property to 'DEBUG'
2025-12-04T12:54:14.180+05:30  INFO 880 --- [restartedMain] .s.d.r.c.RepositoryConfigurationDelegate : Bootstrapping Spring Data JPA repositories in DEFAULT mode.
2025-12-04T12:54:14.281+05:30  INFO 880 --- [restartedMain] .s.d.r.c.RepositoryConfigurationDelegate : Finished Spring Data repository scanning in 91 ms. Found 10 JPA repository interfaces.
2025-12-04T12:54:15.061+05:30  INFO 880 --- [restartedMain] o.s.b.w.embedded.tomcat.TomcatWebServer  : Tomcat initialized with port 8080 (http)
2025-12-04T12:54:15.076+05:30  INFO 880 --- [restartedMain] o.apache.catalina.core.StandardService   : Starting service [Tomcat]
2025-12-04T12:54:15.076+05:30  INFO 880 --- [restartedMain] o.apache.catalina.core.StandardEngine    : Starting Servlet engine: [Apache Tomcat/10.1.48]
2025-12-04T12:54:15.108+05:30  INFO 880 --- [restartedMain] o.a.c.c.C.[Tomcat].[localhost].[/]       : Initializing Spring embedded WebApplicationContext
2025-12-04T12:54:15.108+05:30  INFO 880 --- [restartedMain] w.s.c.ServletWebServerApplicationContext : Root WebApplicationContext: initialization completed in 1682 ms
2025-12-04T12:54:15.253+05:30  INFO 880 --- [restartedMain] o.hibernate.jpa.internal.util.LogHelper  : HHH000204: Processing PersistenceUnitInfo [name: default]
2025-12-04T12:54:15.309+05:30  INFO 880 --- [restartedMain] org.hibernate.Version                    : HHH000412: Hibernate ORM core version 6.6.33.Final
2025-12-04T12:54:15.343+05:30  INFO 880 --- [restartedMain] o.h.c.internal.RegionFactoryInitiator    : HHH000026: Second-level cache disabled
2025-12-04T12:54:15.630+05:30  INFO 880 --- [restartedMain] o.s.o.j.p.SpringPersistenceUnitInfo      : No LoadTimeWeaver setup: ignoring JPA class transformer
2025-12-04T12:54:15.660+05:30  INFO 880 --- [restartedMain] com.zaxxer.hikari.HikariDataSource       : HikariPool-1 - Starting...
2025-12-04T12:54:15.993+05:30  INFO 880 --- [restartedMain] com.zaxxer.hikari.pool.HikariPool        : HikariPool-1 - Added connection com.mysql.cj.jdbc.ConnectionImpl@67d48cb3
2025-12-04T12:54:15.995+05:30  INFO 880 --- [restartedMain] com.zaxxer.hikari.HikariDataSource       : HikariPool-1 - Start completed.
2025-12-04T12:54:16.033+05:30  WARN 880 --- [restartedMain] org.hibernate.orm.deprecation            : HHH90000025: MySQL8Dialect does not need to be specified explicitly using 'hibernate.dialect' (remove the property setting and it will be selected by default)
2025-12-04T12:54:16.034+05:30  WARN 880 --- [restartedMain] org.hibernate.orm.deprecation            : HHH90000026: MySQL8Dialect has been deprecated; use org.hibernate.dialect.MySQLDialect instead
2025-12-04T12:54:16.050+05:30  INFO 880 --- [restartedMain] org.hibernate.orm.connections.pooling    : HHH10001005: Database info:
	Database JDBC URL [Connecting through datasource 'HikariDataSource (HikariPool-1)']
	Database driver: undefined/unknown
	Database version: 8.0
	Autocommit mode: undefined/unknown
	Isolation level: undefined/unknown
	Minimum pool size: undefined/unknown
	Maximum pool size: undefined/unknown
2025-12-04T12:54:17.124+05:30  INFO 880 --- [restartedMain] o.h.e.t.j.p.i.JtaPlatformInitiator       : HHH000489: No JTA platform available (set 'hibernate.transaction.jta.platform' to enable JTA platform integration)
2025-12-04T12:54:17.268+05:30  INFO 880 --- [restartedMain] j.LocalContainerEntityManagerFactoryBean : Initialized JPA EntityManagerFactory for persistence unit 'default'
2025-12-04T12:54:17.821+05:30  INFO 880 --- [restartedMain] r$InitializeUserDetailsManagerConfigurer : Global AuthenticationManager configured with UserDetailsService bean with name customeUserService
2025-12-04T12:54:17.947+05:30  WARN 880 --- [restartedMain] JpaBaseConfiguration$JpaWebConfiguration : spring.jpa.open-in-view is enabled by default. Therefore, database queries may be performed during view rendering. Explicitly configure spring.jpa.open-in-view to disable this warning
2025-12-04T12:54:18.466+05:30  INFO 880 --- [restartedMain] o.s.b.d.a.OptionalLiveReloadServer       : LiveReload server is running on port 35729
2025-12-04T12:54:18.497+05:30  INFO 880 --- [restartedMain] o.s.b.w.embedded.tomcat.TomcatWebServer  : Tomcat started on port 8080 (http) with context path '/'
2025-12-04T12:54:18.508+05:30  INFO 880 --- [restartedMain] com.server.ServerApplication             : Started ServerApplication in 5.772 seconds (process running for 6.302)
2025-12-04T12:54:45.723+05:30  INFO 880 --- [SpringApplicationShutdownHook] o.s.b.w.e.tomcat.GracefulShutdown        : Commencing graceful shutdown. Waiting for active requests to complete
2025-12-04T12:54:46.228+05:30  INFO 880 --- [tomcat-shutdown] o.s.b.w.e.tomcat.GracefulShutdown        : Graceful shutdown complete
2025-12-04T12:54:46.237+05:30  INFO 880 --- [SpringApplicationShutdownHook] j.LocalContainerEntityManagerFactoryBean : Closing JPA EntityManagerFactory for persistence unit 'default'
2025-12-04T12:54:46.241+05:30  INFO 880 --- [SpringApplicationShutdownHook] com.zaxxer.hikari.HikariDataSource       : HikariPool-1 - Shutdown initiated...
2025-12-04T12:54:46.249+05:30  INFO 880 --- [SpringApplicationShutdownHook] com.zaxxer.hikari.HikariDataSource       : HikariPool-1 - Shutdown completed.
