2025-12-04T12:54:49.118+05:30  INFO 983 --- [restartedMain] com.server.ServerApplication             : Starting ServerApplication using Java 21.0.8 with PID 983 (/home/santosh/SANTOSH/E-Consultancy-for-Farmers/server/target/classes started by santosh in /home/santosh/SANTOSH/E-Consultancy-for-Farmers/server)
2025-12-04T12:54:49.122+05:30  INFO 983 --- [restartedMain] com.server.ServerApplication             : No active profile set, falling back to 1 default profile: "default"
2025-12-04T12:54:49.167+05:30  INFO 983 --- [restartedMain] .e.DevToolsPropertyDefaultsPostProcessor : Devtools property defaults active! Set 'spring.devtools.add-properties' to 'false' to disable
2025-12-04T12:54:49.168+05:30  INFO 983 --- [restartedMain] .e.DevToolsPropertyDefaultsPostProcessor : For additional web related logging consider setting the 'logging.level.web' property to 'DEBUG'
2025-12-04T12:54:49.943+05:30  INFO 983 --- [restartedMain] .s.d.r.c.RepositoryConfigurationDelegate : Bootstrapping Spring Data JPA repositories in DEFAULT mode.
2025-12-04T12:54:50.020+05:30  INFO 983 --- [restartedMain] .s.d.r.c.RepositoryConfigurationDelegate : Finished Spring Data repository scanning in 67 ms. Found 10 JPA repository interfaces.
2025-12-04T12:54:50.941+05:30  INFO 983 --- [restartedMain] o.s.b.w.embedded.tomcat.TomcatWebServer  : Tomcat initialized with port 8080 (http)
2025-12-04T12:54:50.956+05:30  INFO 983 --- [restartedMain] o.apache.catalina.core.StandardService   : Starting service [Tomcat]
2025-12-04T12:54:50.957+05:30  INFO 983 --- [restartedMain] o.apache.catalina.core.StandardEngine    : Starting Servlet engine: [Apache Tomcat/10.1.48]
2025-12-04T12:54:50.992+05:30  INFO 983 --- [restartedMain] o.a.c.c.C.[Tomcat].[localhost].[/]       : Initializing Spring embedded WebApplicationContext
2025-12-04T12:54:50.992+05:30  INFO 983 --- [restartedMain] w.s.c.ServletWebServerApplicationContext : Root WebApplicationContext: initialization completed in 1824 ms
2025-12-04T12:54:51.155+05:30  INFO 983 --- [restartedMain] o.hibernate.jpa.internal.util.LogHelper  : HHH000204: Processing PersistenceUnitInfo [name: default]
2025-12-04T12:54:51.203+05:30  INFO 983 --- [restartedMain] org.hibernate.Version                    : HHH000412: Hibernate ORM core version 6.6.33.Final
2025-12-04T12:54:51.234+05:30  INFO 983 --- [restartedMain] o.h.c.internal.RegionFactoryInitiator    : HHH000026: Second-level cache disabled
2025-12-04T12:54:51.514+05:30  INFO 983 --- [restartedMain] o.s.o.j.p.SpringPersistenceUnitInfo      : No LoadTimeWeaver setup: ignoring JPA class transformer
2025-12-04T12:54:51.542+05:30  INFO 983 --- [restartedMain] com.zaxxer.hikari.HikariDataSource       : HikariPool-1 - Starting...
2025-12-04T12:54:51.841+05:30  INFO 983 --- [restartedMain] com.zaxxer.hikari.pool.HikariPool        : HikariPool-1 - Added connection com.mysql.cj.jdbc.ConnectionImpl@3df25920
2025-12-04T12:54:51.843+05:30  INFO 983 --- [restartedMain] com.zaxxer.hikari.HikariDataSource       : HikariPool-1 - Start completed.
2025-12-04T12:54:51.883+05:30  WARN 983 --- [restartedMain] org.hibernate.orm.deprecation            : HHH90000025: MySQL8Dialect does not need to be specified explicitly using 'hibernate.dialect' (remove the property setting and it will be selected by default)
2025-12-04T12:54:51.884+05:30  WARN 983 --- [restartedMain] org.hibernate.orm.deprecation            : HHH90000026: MySQL8Dialect has been deprecated; use org.hibernate.dialect.MySQLDialect instead
2025-12-04T12:54:51.900+05:30  INFO 983 --- [restartedMain] org.hibernate.orm.connections.pooling    : HHH10001005: Database info:
	Database JDBC URL [Connecting through datasource 'HikariDataSource (HikariPool-1)']
	Database driver: undefined/unknown
	Database version: 8.0
	Autocommit mode: undefined/unknown
	Isolation level: undefined/unknown
	Minimum pool size: undefined/unknown
	Maximum pool size: undefined/unknown
2025-12-04T12:54:53.026+05:30  INFO 983 --- [restartedMain] o.h.e.t.j.p.i.JtaPlatformInitiator       : HHH000489: No JTA platform available (set 'hibernate.transaction.jta.platform' to enable JTA platform integration)
2025-12-04T12:54:53.154+05:30  INFO 983 --- [restartedMain] j.LocalContainerEntityManagerFactoryBean : Initialized JPA EntityManagerFactory for persistence unit 'default'
2025-12-04T12:54:53.742+05:30  INFO 983 --- [restartedMain] r$InitializeUserDetailsManagerConfigurer : Global AuthenticationManager configured with UserDetailsService bean with name customeUserService
2025-12-04T12:54:53.852+05:30  WARN 983 --- [restartedMain] JpaBaseConfiguration$JpaWebConfiguration : spring.jpa.open-in-view is enabled by default. Therefore, database queries may be performed during view rendering. Explicitly configure spring.jpa.open-in-view to disable this warning
2025-12-04T12:54:54.340+05:30  INFO 983 --- [restartedMain] o.s.b.d.a.OptionalLiveReloadServer       : LiveReload server is running on port 35729
2025-12-04T12:54:54.364+05:30  INFO 983 --- [restartedMain] o.s.b.w.embedded.tomcat.TomcatWebServer  : Tomcat started on port 8080 (http) with context path '/'
2025-12-04T12:54:54.373+05:30  INFO 983 --- [restartedMain] com.server.ServerApplication             : Started ServerApplication in 6.102 seconds (process running for 6.881)
2025-12-04T12:57:01.130+05:30  INFO 983 --- [SpringApplicationShutdownHook] o.s.b.w.e.tomcat.GracefulShutdown        : Commencing graceful shutdown. Waiting for active requests to complete
2025-12-04T12:57:01.635+05:30  INFO 983 --- [tomcat-shutdown] o.s.b.w.e.tomcat.GracefulShutdown        : Graceful shutdown complete
2025-12-04T12:57:01.642+05:30  INFO 983 --- [SpringApplicationShutdownHook] j.LocalContainerEntityManagerFactoryBean : Closing JPA EntityManagerFactory for persistence unit 'default'
2025-12-04T12:57:01.646+05:30  INFO 983 --- [SpringApplicationShutdownHook] com.zaxxer.hikari.HikariDataSource       : HikariPool-1 - Shutdown initiated...
2025-12-04T12:57:01.653+05:30  INFO 983 --- [SpringApplicationShutdownHook] com.zaxxer.hikari.HikariDataSource       : HikariPool-1 - Shutdown completed.
2025-12-04T12:57:04.322+05:30  INFO 1105 --- [restartedMain] com.server.ServerApplication             : Starting ServerApplication using Java 21.0.8 with PID 1105 (/home/santosh/SANTOSH/E-Consultancy-for-Farmers/server/target/classes started by santosh in /home/santosh/SANTOSH/E-Consultancy-for-Farmers/server)
2025-12-04T12:57:04.327+05:30  INFO 1105 --- [restartedMain] com.server.ServerApplication             : No active profile set, falling back to 1 default profile: "default"
2025-12-04T12:57:04.411+05:30  INFO 1105 --- [restartedMain] .e.DevToolsPropertyDefaultsPostProcessor : Devtools property defaults active! Set 'spring.devtools.add-properties' to 'false' to disable
2025-12-04T12:57:04.411+05:30  INFO 1105 --- [restartedMain] .e.DevToolsPropertyDefaultsPostProcessor : For additional web related logging consider setting the 'logging.level.web' property to 'DEBUG'
2025-12-04T12:57:05.172+05:30  INFO 1105 --- [restartedMain] .s.d.r.c.RepositoryConfigurationDelegate : Bootstrapping Spring Data JPA repositories in DEFAULT mode.
2025-12-04T12:57:05.258+05:30  INFO 1105 --- [restartedMain] .s.d.r.c.RepositoryConfigurationDelegate : Finished Spring Data repository scanning in 78 ms. Found 10 JPA repository interfaces.
2025-12-04T12:57:06.010+05:30  INFO 1105 --- [restartedMain] o.s.b.w.embedded.tomcat.TomcatWebServer  : Tomcat initialized with port 8080 (http)
2025-12-04T12:57:06.026+05:30  INFO 1105 --- [restartedMain] o.apache.catalina.core.StandardService   : Starting service [Tomcat]
2025-12-04T12:57:06.027+05:30  INFO 1105 --- [restartedMain] o.apache.catalina.core.StandardEngine    : Starting Servlet engine: [Apache Tomcat/10.1.48]
2025-12-04T12:57:06.059+05:30  INFO 1105 --- [restartedMain] o.a.c.c.C.[Tomcat].[localhost].[/]       : Initializing Spring embedded WebApplicationContext
2025-12-04T12:57:06.060+05:30  INFO 1105 --- [restartedMain] w.s.c.ServletWebServerApplicationContext : Root WebApplicationContext: initialization completed in 1648 ms
2025-12-04T12:57:06.213+05:30  INFO 1105 --- [restartedMain] o.hibernate.jpa.internal.util.LogHelper  : HHH000204: Processing PersistenceUnitInfo [name: default]
2025-12-04T12:57:06.262+05:30  INFO 1105 --- [restartedMain] org.hibernate.Version                    : HHH000412: Hibernate ORM core version 6.6.33.Final
2025-12-04T12:57:06.294+05:30  INFO 1105 --- [restartedMain] o.h.c.internal.RegionFactoryInitiator    : HHH000026: Second-level cache disabled
2025-12-04T12:57:06.576+05:30  INFO 1105 --- [restartedMain] o.s.o.j.p.SpringPersistenceUnitInfo      : No LoadTimeWeaver setup: ignoring JPA class transformer
2025-12-04T12:57:06.604+05:30  INFO 1105 --- [restartedMain] com.zaxxer.hikari.HikariDataSource       : HikariPool-1 - Starting...
2025-12-04T12:57:06.884+05:30  INFO 1105 --- [restartedMain] com.zaxxer.hikari.pool.HikariPool        : HikariPool-1 - Added connection com.mysql.cj.jdbc.ConnectionImpl@2ba7203d
2025-12-04T12:57:06.886+05:30  INFO 1105 --- [restartedMain] com.zaxxer.hikari.HikariDataSource       : HikariPool-1 - Start completed.
2025-12-04T12:57:06.928+05:30  WARN 1105 --- [restartedMain] org.hibernate.orm.deprecation            : HHH90000025: MySQL8Dialect does not need to be specified explicitly using 'hibernate.dialect' (remove the property setting and it will be selected by default)
2025-12-04T12:57:06.929+05:30  WARN 1105 --- [restartedMain] org.hibernate.orm.deprecation            : HHH90000026: MySQL8Dialect has been deprecated; use org.hibernate.dialect.MySQLDialect instead
2025-12-04T12:57:06.947+05:30  INFO 1105 --- [restartedMain] org.hibernate.orm.connections.pooling    : HHH10001005: Database info:
	Database JDBC URL [Connecting through datasource 'HikariDataSource (HikariPool-1)']
	Database driver: undefined/unknown
	Database version: 8.0
	Autocommit mode: undefined/unknown
	Isolation level: undefined/unknown
	Minimum pool size: undefined/unknown
	Maximum pool size: undefined/unknown
2025-12-04T12:57:08.037+05:30  INFO 1105 --- [restartedMain] o.h.e.t.j.p.i.JtaPlatformInitiator       : HHH000489: No JTA platform available (set 'hibernate.transaction.jta.platform' to enable JTA platform integration)
2025-12-04T12:57:08.165+05:30  INFO 1105 --- [restartedMain] j.LocalContainerEntityManagerFactoryBean : Initialized JPA EntityManagerFactory for persistence unit 'default'
2025-12-04T12:57:08.732+05:30  INFO 1105 --- [restartedMain] r$InitializeUserDetailsManagerConfigurer : Global AuthenticationManager configured with UserDetailsService bean with name customeUserService
2025-12-04T12:57:08.831+05:30  WARN 1105 --- [restartedMain] JpaBaseConfiguration$JpaWebConfiguration : spring.jpa.open-in-view is enabled by default. Therefore, database queries may be performed during view rendering. Explicitly configure spring.jpa.open-in-view to disable this warning
2025-12-04T12:57:09.336+05:30  INFO 1105 --- [restartedMain] o.s.b.d.a.OptionalLiveReloadServer       : LiveReload server is running on port 35729
2025-12-04T12:57:09.365+05:30  INFO 1105 --- [restartedMain] o.s.b.w.embedded.tomcat.TomcatWebServer  : Tomcat started on port 8080 (http) with context path '/'
2025-12-04T12:57:09.375+05:30  INFO 1105 --- [restartedMain] com.server.ServerApplication             : Started ServerApplication in 5.825 seconds (process running for 6.43)
2025-12-04T12:58:58.166+05:30  INFO 1105 --- [SpringApplicationShutdownHook] o.s.b.w.e.tomcat.GracefulShutdown        : Commencing graceful shutdown. Waiting for active requests to complete
2025-12-04T12:58:58.670+05:30  INFO 1105 --- [tomcat-shutdown] o.s.b.w.e.tomcat.GracefulShutdown        : Graceful shutdown complete
2025-12-04T12:58:58.677+05:30  INFO 1105 --- [SpringApplicationShutdownHook] j.LocalContainerEntityManagerFactoryBean : Closing JPA EntityManagerFactory for persistence unit 'default'
2025-12-04T12:58:58.680+05:30  INFO 1105 --- [SpringApplicationShutdownHook] com.zaxxer.hikari.HikariDataSource       : HikariPool-1 - Shutdown initiated...
2025-12-04T12:58:58.687+05:30  INFO 1105 --- [SpringApplicationShutdownHook] com.zaxxer.hikari.HikariDataSource       : HikariPool-1 - Shutdown completed.
